{
  "RSpec": {
    "coverage": {
      "/Users/nirupamaram/turing/3module/weather_bop/app/helpers/application_helper.rb": {
        "lines": [
          1,
          null
        ]
      },
      "/Users/nirupamaram/turing/3module/weather_bop/app/controllers/welcome_controller.rb": {
        "lines": [
          1,
          1,
          null
        ]
      },
      "/Users/nirupamaram/turing/3module/weather_bop/app/controllers/application_controller.rb": {
        "lines": [
          1,
          null
        ]
      },
      "/Users/nirupamaram/turing/3module/weather_bop/app/controllers/sessions_controller.rb": {
        "lines": [
          1,
          1,
          1,
          0,
          0,
          0,
          0,
          null,
          null,
          null
        ]
      },
      "/Users/nirupamaram/turing/3module/weather_bop/app/mailers/application_mailer.rb": {
        "lines": [
          0,
          0,
          0,
          0
        ],
        "branches": {
        }
      },
      "/Users/nirupamaram/turing/3module/weather_bop/app/models/application_record.rb": {
        "lines": [
          0,
          0,
          0
        ],
        "branches": {
        }
      },
      "/Users/nirupamaram/turing/3module/weather_bop/app/models/user.rb": {
        "lines": [
          0,
          0,
          0,
          0,
          0,
          0,
          0,
          0,
          0,
          0,
          0
        ],
        "branches": {
        }
      },
      "/Users/nirupamaram/turing/3module/weather_bop/app/jobs/application_job.rb": {
        "lines": [
          0,
          0
        ],
        "branches": {
        }
      },
      "/Users/nirupamaram/turing/3module/weather_bop/app/channels/application_cable/connection.rb": {
        "lines": [
          0,
          0,
          0,
          0
        ],
        "branches": {
        }
      },
      "/Users/nirupamaram/turing/3module/weather_bop/app/channels/application_cable/channel.rb": {
        "lines": [
          0,
          0,
          0,
          0
        ],
        "branches": {
        }
      }
    },
    "timestamp": 1599761272
  }
}
